<?xml version="1.0" encoding="UTF-8"?>
<coverage generated="1583795113647" clover="3.2.0">
  <project timestamp="1583795113647" name="All files">
    <metrics statements="29" coveredstatements="29" conditionals="22" coveredconditionals="22" methods="11" coveredmethods="11" elements="62" coveredelements="62" complexity="0" loc="29" ncloc="29" packages="1" files="1" classes="1"/>
    <file name="types.js" path="/Users/codybrown/alchemy/career-track/career1lab/lib/types.js">
      <metrics statements="29" coveredstatements="29" conditionals="22" coveredconditionals="22" methods="11" coveredmethods="11"/>
      <line num="3" count="12" type="stmt"/>
      <line num="4" count="11" type="stmt"/>
      <line num="5" count="13" type="stmt"/>
      <line num="6" count="6" type="stmt"/>
      <line num="7" count="6" type="stmt"/>
      <line num="8" count="6" type="stmt"/>
      <line num="11" count="1" type="stmt"/>
      <line num="12" count="6" type="cond" truecount="2" falsecount="0"/>
      <line num="13" count="5" type="stmt"/>
      <line num="14" count="5" type="cond" truecount="2" falsecount="0"/>
      <line num="15" count="3" type="stmt"/>
      <line num="18" count="1" type="stmt"/>
      <line num="19" count="5" type="cond" truecount="2" falsecount="0"/>
      <line num="20" count="4" type="stmt"/>
      <line num="21" count="4" type="cond" truecount="4" falsecount="0"/>
      <line num="22" count="3" type="stmt"/>
      <line num="25" count="1" type="stmt"/>
      <line num="26" count="7" type="cond" truecount="2" falsecount="0"/>
      <line num="27" count="5" type="cond" truecount="4" falsecount="0"/>
      <line num="28" count="4" type="cond" truecount="4" falsecount="0"/>
      <line num="29" count="3" type="stmt"/>
      <line num="34" count="6" type="stmt"/>
      <line num="35" count="6" type="stmt"/>
      <line num="36" count="6" type="stmt"/>
      <line num="37" count="6" type="stmt"/>
      <line num="41" count="1" type="stmt"/>
      <line num="47" count="1" type="stmt"/>
      <line num="48" count="4" type="cond" truecount="2" falsecount="0"/>
      <line num="51" count="1" type="stmt"/>
    </file>
  </project>
</coverage>
