{"/Users/codybrown/alchemy/career-track/career1lab/lib/Schema.js": {"path":"/Users/codybrown/alchemy/career-track/career1lab/lib/Schema.js","statementMap":{"0":{"start":{"line":1,"column":18},"end":{"line":1,"column":40}},"1":{"start":{"line":2,"column":0},"end":{"line":24,"column":2}},"2":{"start":{"line":4,"column":8},"end":{"line":4,"column":29}},"3":{"start":{"line":5,"column":8},"end":{"line":6,"column":82}},"4":{"start":{"line":6,"column":45},"end":{"line":6,"column":80}},"5":{"start":{"line":9,"column":26},"end":{"line":9,"column":28}},"6":{"start":{"line":10,"column":23},"end":{"line":10,"column":25}},"7":{"start":{"line":11,"column":8},"end":{"line":18,"column":15}},"8":{"start":{"line":13,"column":16},"end":{"line":17,"column":17}},"9":{"start":{"line":14,"column":20},"end":{"line":14,"column":73}},"10":{"start":{"line":16,"column":20},"end":{"line":16,"column":35}},"11":{"start":{"line":19,"column":8},"end":{"line":21,"column":9}},"12":{"start":{"line":20,"column":12},"end":{"line":20,"column":59}},"13":{"start":{"line":22,"column":8},"end":{"line":22,"column":25}}},"fnMap":{"0":{"name":"(anonymous_0)","decl":{"start":{"line":3,"column":4},"end":{"line":3,"column":5}},"loc":{"start":{"line":3,"column":24},"end":{"line":7,"column":5}},"line":3},"1":{"name":"(anonymous_1)","decl":{"start":{"line":6,"column":17},"end":{"line":6,"column":18}},"loc":{"start":{"line":6,"column":45},"end":{"line":6,"column":80}},"line":6},"2":{"name":"(anonymous_2)","decl":{"start":{"line":8,"column":4},"end":{"line":8,"column":5}},"loc":{"start":{"line":8,"column":18},"end":{"line":23,"column":5}},"line":8},"3":{"name":"(anonymous_3)","decl":{"start":{"line":12,"column":21},"end":{"line":12,"column":22}},"loc":{"start":{"line":12,"column":34},"end":{"line":18,"column":13}},"line":12}},"branchMap":{"0":{"loc":{"start":{"line":19,"column":8},"end":{"line":21,"column":9}},"type":"if","locations":[{"start":{"line":19,"column":8},"end":{"line":21,"column":9}},{"start":{"line":19,"column":8},"end":{"line":21,"column":9}}],"line":19}},"s":{"0":1,"1":1,"2":2,"3":2,"4":6,"5":2,"6":2,"7":2,"8":6,"9":6,"10":1,"11":2,"12":1,"13":1},"f":{"0":2,"1":6,"2":2,"3":6},"b":{"0":[1,1]},"_coverageSchema":"1a1c01bbd47fc00a2c39e90264f33305004495a9","hash":"2f621f10c04b2a6b69aec765236f1e827655a1fc"}
}
