TN:
SF:lib/types.js
FN:3,(anonymous_0)
FN:4,(anonymous_1)
FN:5,(anonymous_2)
FN:6,(anonymous_3)
FN:7,(anonymous_4)
FN:8,(anonymous_5)
FN:11,(anonymous_6)
FN:18,(anonymous_7)
FN:25,(anonymous_8)
FN:33,(anonymous_9)
FN:47,(anonymous_10)
FNF:11
FNH:11
FNDA:12,(anonymous_0)
FNDA:11,(anonymous_1)
FNDA:11,(anonymous_2)
FNDA:6,(anonymous_3)
FNDA:6,(anonymous_4)
FNDA:6,(anonymous_5)
FNDA:6,(anonymous_6)
FNDA:5,(anonymous_7)
FNDA:5,(anonymous_8)
FNDA:2,(anonymous_9)
FNDA:3,(anonymous_10)
DA:3,12
DA:4,11
DA:5,11
DA:6,6
DA:7,6
DA:8,6
DA:11,1
DA:12,6
DA:13,5
DA:14,5
DA:15,3
DA:18,1
DA:19,5
DA:20,3
DA:21,3
DA:22,3
DA:25,1
DA:26,5
DA:27,3
DA:28,3
DA:29,3
DA:34,2
DA:35,2
DA:36,2
DA:37,2
DA:41,1
DA:47,1
DA:48,3
DA:51,1
LF:29
LH:29
BRDA:12,0,0,1
BRDA:12,0,1,5
BRDA:14,1,0,2
BRDA:14,1,1,3
BRDA:19,2,0,2
BRDA:19,2,1,3
BRDA:21,3,0,0
BRDA:21,3,1,3
BRDA:26,4,0,2
BRDA:26,4,1,3
BRDA:28,5,0,0
BRDA:28,5,1,3
BRDA:48,6,0,3
BRDA:48,6,1,1
BRF:14
BRH:12
end_of_record
