TN:
SF:lib/types.js
FN:3,(anonymous_0)
FN:4,(anonymous_1)
FN:5,(anonymous_2)
FN:6,(anonymous_3)
FN:7,(anonymous_4)
FN:8,(anonymous_5)
FN:11,(anonymous_6)
FN:18,(anonymous_7)
FN:25,(anonymous_8)
FN:33,(anonymous_9)
FN:47,(anonymous_10)
FNF:11
FNH:11
FNDA:12,(anonymous_0)
FNDA:11,(anonymous_1)
FNDA:13,(anonymous_2)
FNDA:6,(anonymous_3)
FNDA:6,(anonymous_4)
FNDA:6,(anonymous_5)
FNDA:6,(anonymous_6)
FNDA:5,(anonymous_7)
FNDA:7,(anonymous_8)
FNDA:6,(anonymous_9)
FNDA:4,(anonymous_10)
DA:3,12
DA:4,11
DA:5,13
DA:6,6
DA:7,6
DA:8,6
DA:11,1
DA:12,6
DA:13,5
DA:14,5
DA:15,3
DA:18,1
DA:19,5
DA:20,4
DA:21,4
DA:22,3
DA:25,1
DA:26,7
DA:27,5
DA:28,4
DA:29,3
DA:34,6
DA:35,6
DA:36,6
DA:37,6
DA:41,1
DA:47,1
DA:48,4
DA:51,1
LF:29
LH:29
BRDA:12,0,0,1
BRDA:12,0,1,5
BRDA:14,1,0,2
BRDA:14,1,1,3
BRDA:19,2,0,1
BRDA:19,2,1,4
BRDA:21,3,0,1
BRDA:21,3,1,3
BRDA:21,4,0,4
BRDA:21,4,1,3
BRDA:26,5,0,2
BRDA:26,5,1,5
BRDA:27,6,0,1
BRDA:27,6,1,4
BRDA:27,7,0,5
BRDA:27,7,1,5
BRDA:28,8,0,1
BRDA:28,8,1,3
BRDA:28,9,0,4
BRDA:28,9,1,4
BRDA:48,10,0,4
BRDA:48,10,1,1
BRF:22
BRH:22
end_of_record
